Number of training paragraphs: 147059
Number of validation paragraphs: 17874

Vocabulary size: 10000

Special tokens:
  <PAD>: 0
  <BOS>: 1
  <EOS>: 2
  <UNK>: 3

Top 20 most common words:
  the             772302
  ,               635406
  .               445685
  of              393855
  and             307140
  in              278178
  to              231050
  a               215759
  ''              152155
  ``              147476
  is              114975
  as              100687
  )               90768
  (               90678
  was             90377
  for             83835
  that            81570
  by              78253
  with            74527
  on              66231

10 rare words (appear only once):
   ἀνατομή
   ἀνατέμνω
   anatémnō
   ἀνά
   aná
   τέμνω
   témnō
   camera-equipped
   zootomy
   eumetazoans

Tokenized paragraph length stats:
  Mean: 81.7113607463671
  Median: 71.0
  95th percentile: 199.0
  Max: 985
260725 This is the total size of the vocabulary
